2024-06-25 13:24:29.133523 ---- Function getUserData Enter ----
2024-06-25 13:24:32.636531 ---- Function getUserData Exit ----
2024-06-25 13:24:32.636531 ---- Function sendDataToServer Enter ----
2024-06-25 13:24:32.637520 ---- Function sendDataToServer Exit ----
2024-06-25 13:24:32.639522 ---- Function getDataFromServer Enter ----
2024-06-25 13:24:32.639522 ---- Function getDataFromServer Exit ----
2024-06-25 13:24:32.639522 ---- Function printResult Enter ----
2024-06-25 13:24:32.640520 ---- Function printResult Exit ----
2024-06-25 13:28:51.291249 ---- Function getUserData Enter ----
2024-06-25 13:28:55.516300 ---- Function getUserData Exit ----
2024-06-25 13:28:55.516300 ---- Function sendDataToServer Enter ----
2024-06-25 13:28:55.519316 ---- Function sendDataToServer Exit ----
2024-06-25 13:28:55.522299 ---- Function getDataFromServer Enter ----
2024-06-25 13:28:55.522299 ---- Function getDataFromServer Exit ----
2024-06-25 13:28:55.523298 ---- Function printResult Enter ----
2024-06-25 13:28:55.523298 ---- Function printResult Exit ----
2024-06-25 13:29:32.894047 ---- Function getUserData Enter ----
2024-06-25 13:29:38.219998 ---- Function getUserData Exit ----
2024-06-25 13:29:38.221048 ---- Function sendDataToServer Enter ----
2024-06-25 13:29:38.221997 ---- Function sendDataToServer Exit ----
2024-06-25 13:29:58.695586 ---- Function getUserData Enter ----
2024-06-25 13:30:04.132208 ---- Function getUserData Exit ----
2024-06-25 13:30:04.133215 ---- Function sendDataToServer Enter ----
2024-06-25 13:30:41.665022 ---- Function getUserData Enter ----
2024-06-25 13:30:49.276124 ---- Function getUserData Exit ----
2024-06-25 13:30:49.277121 ---- Function sendDataToServer Enter ----
2024-06-25 13:31:21.605457 ---- Function getUserData Enter ----
2024-06-25 13:31:33.132210 ---- Function getUserData Exit ----
2024-06-25 13:31:33.132210 ---- Function sendDataToServer Enter ----
2024-06-25 13:31:33.134209 ---- Function sendDataToServer Exit ----
2024-06-25 13:31:33.136206 ---- Function getDataFromServer Enter ----
2024-06-25 13:31:33.136206 ---- Function getDataFromServer Exit ----
2024-06-25 13:31:33.136206 ---- Function printResult Enter ----
2024-06-25 13:31:33.137205 ---- Function printResult Exit ----
2024-06-25 13:31:35.064813 ---- Function getUserData Enter ----
2024-06-25 13:31:40.460161 ---- Function getUserData Exit ----
2024-06-25 13:31:40.461162 ---- Function sendDataToServer Enter ----
2024-06-25 13:31:40.462160 ---- Function sendDataToServer Exit ----
2024-06-25 13:31:40.463171 ---- Function getDataFromServer Enter ----
2024-06-25 13:31:40.464158 ---- Function getDataFromServer Exit ----
2024-06-25 13:31:40.464158 ---- Function printResult Enter ----
2024-06-25 13:31:40.464158 ---- Function printResult Exit ----
