2024-06-25 13:24:32.637520 ---- Function getClientData Enter ----
2024-06-25 13:24:32.637520 ---- Function getClientData Exit ----
2024-06-25 13:24:32.638520 ---- Function performOperation Enter ----
2024-06-25 13:24:32.638520 ---- Function performOperation Exit ----
2024-06-25 13:24:32.638520 ---- Function sendResultToClient Enter ----
2024-06-25 13:24:32.639522 ---- Function sendResultToClient Exit ----
2024-06-25 13:28:55.518420 ---- Function getClientData Enter ----
2024-06-25 13:28:55.519316 ---- Function getClientData Exit ----
2024-06-25 13:28:55.520301 ---- Function performOperation Enter ----
2024-06-25 13:28:55.520301 ---- Function performOperation Exit ----
2024-06-25 13:28:55.520301 ---- Function sendResultToClient Enter ----
2024-06-25 13:28:55.522299 ---- Function sendResultToClient Exit ----
2024-06-25 13:29:38.221048 ---- Function getClientData Enter ----
2024-06-25 13:29:38.221048 ---- Function getClientData Exit ----
2024-06-25 13:29:38.221997 ---- Function performOperation Enter ----
2024-06-25 13:31:33.133207 ---- Function getClientData Enter ----
2024-06-25 13:31:33.133207 ---- Function getClientData Exit ----
2024-06-25 13:31:33.134209 ---- Function performOperation Enter ----
2024-06-25 13:31:33.135210 ---- Function performOperation Exit ----
2024-06-25 13:31:33.135210 ---- Function sendResultToClient Enter ----
2024-06-25 13:31:33.136206 ---- Function sendResultToClient Exit ----
2024-06-25 13:31:40.462160 ---- Function getClientData Enter ----
2024-06-25 13:31:40.462160 ---- Function getClientData Exit ----
2024-06-25 13:31:40.462160 ---- Function performOperation Enter ----
2024-06-25 13:31:40.463171 ---- Function performOperation Exit ----
2024-06-25 13:31:40.463171 ---- Function sendResultToClient Enter ----
2024-06-25 13:31:40.464158 ---- Function sendResultToClient Exit ----
